FlappySpace/android/build/intermediates/manifest_merge_blame_file/debug/manifest-merger-blame-debug-report.txt
1<?xml version="1.0" encoding="utf-8"?>
2<manifest xmlns:android="http://schemas.android.com/apk/res/android"
3    package="com.programmisten.game"
4    android:versionCode="1"
5    android:versionName="1.0" >
6
7    <uses-sdk
8        android:minSdkVersion="14"
8-->FlappySpace\android\AndroidManifest.xml
9        android:targetSdkVersion="31" />
9-->FlappySpace\android\AndroidManifest.xml
10
11    <uses-feature
11-->FlappySpace\android\AndroidManifest.xml:6:5-78
12        android:glEsVersion="0x00020000"
12-->FlappySpace\android\AndroidManifest.xml:6:19-51
13        android:required="true" />
13-->FlappySpace\android\AndroidManifest.xml:6:52-75
14
15    <application
15-->FlappySpace\android\AndroidManifest.xml:8:5-27:19
16        android:allowBackup="true"
16-->FlappySpace\android\AndroidManifest.xml:9:9-35
17        android:appCategory="game"
17-->FlappySpace\android\AndroidManifest.xml:13:9-35
18        android:debuggable="true"
19        android:fullBackupContent="true"
19-->FlappySpace\android\AndroidManifest.xml:10:9-41
20        android:icon="@drawable/ic_launcher"
20-->FlappySpace\android\AndroidManifest.xml:11:9-45
21        android:isGame="true"
21-->FlappySpace\android\AndroidManifest.xml:12:9-30
22        android:label="@string/app_name" >
22-->FlappySpace\android\AndroidManifest.xml:14:9-41
23        <activity
23-->FlappySpace\android\AndroidManifest.xml:16:9-26:20
24            android:name="com.programmisten.game.AndroidLauncher"
24-->FlappySpace\android\AndroidManifest.xml:17:13-66
25            android:configChanges="keyboard|keyboardHidden|navigation|orientation|screenSize|screenLayout"
25-->FlappySpace\android\AndroidManifest.xml:20:13-107
26            android:exported="true"
26-->FlappySpace\android\AndroidManifest.xml:21:13-36
27            android:label="@string/app_name"
27-->FlappySpace\android\AndroidManifest.xml:18:13-45
28            android:screenOrientation="landscape" >
28-->FlappySpace\android\AndroidManifest.xml:19:13-50
29            <intent-filter>
29-->FlappySpace\android\AndroidManifest.xml:22:13-25:29
30                <action android:name="android.intent.action.MAIN" />
30-->FlappySpace\android\AndroidManifest.xml:23:17-69
30-->FlappySpace\android\AndroidManifest.xml:23:25-66
31
32                <category android:name="android.intent.category.LAUNCHER" />
32-->FlappySpace\android\AndroidManifest.xml:24:17-77
32-->FlappySpace\android\AndroidManifest.xml:24:27-74
33            </intent-filter>
34        </activity>
35    </application>
36
37</manifest>